2025-09-02 15:09:30,359 - INFO - Starte Content-Generierungsprozess...
2025-09-02 15:09:30,359 - INFO - Layout-CSV '/workspaces/companyculturehub-generator-v2/content_template_new_project/layout_extended_v2.csv' erfolgreich geladen.
2025-09-02 15:09:30,359 - INFO - Globale Variablen aus '/workspaces/companyculturehub-generator-v2/templates/components/global_variables.csv' erfolgreich geladen.
2025-09-02 15:09:30,360 - INFO - Lokale Variablen aus '/workspaces/companyculturehub-generator-v2/templates/components/local_variables.csv' erfolgreich geladen.
2025-09-02 15:09:30,360 - INFO - Verarbeite Komponente: 'header'
2025-09-02 15:09:30,360 - WARNING - Kein HTML-Template für 'header' unter '/workspaces/companyculturehub-generator-v2/templates/components/header.html' gefunden. Komponente wird übersprungen.
2025-09-02 15:09:30,360 - INFO - Verarbeite Komponente: 'logo_header_section'
2025-09-02 15:09:30,360 - INFO - Verarbeite Komponente: 'navigation_section'
2025-09-02 15:09:30,360 - INFO - Verarbeite Komponente: 'hero_section'
2025-09-02 15:09:30,361 - INFO - Verarbeite Komponente: 'culture_section'
2025-09-02 15:09:30,361 - INFO - Verarbeite Komponente: 'values_section'
2025-09-02 15:09:30,361 - INFO - Verarbeite Komponente: 'team_section'
2025-09-02 15:09:30,361 - INFO - Verarbeite Komponente: 'diversity_section'
2025-09-02 15:09:30,362 - WARNING - Unabgedeckte Platzhalter in 'diversity_section': {'image_url'}
2025-09-02 15:09:30,362 - ERROR - Validierung fehlgeschlagen für Komponente 'diversity_section'. Überprüfen Sie die Platzhalter.
2025-09-02 15:09:30,362 - INFO - Verarbeite Komponente: 'stolz_section'
2025-09-02 15:09:30,362 - INFO - Verarbeite Komponente: 'story_telling_section'
2025-09-02 15:09:30,362 - INFO - Verarbeite Komponente: 'location_section'
2025-09-02 15:09:30,362 - INFO - Verarbeite Komponente: 'benefits_section'
2025-09-02 15:09:30,363 - INFO - Verarbeite Komponente: 'career_cta_section'
2025-09-02 15:09:30,363 - INFO - Verarbeite Komponente: 'footer'
2025-09-02 15:09:30,363 - INFO - Fehlender lokaler Schlüssel 'image_url' für 'diversity_section' wurde zu '/workspaces/companyculturehub-generator-v2/templates/components/local_variables.csv' hinzugefügt.
2025-09-02 15:09:30,365 - INFO - Prozess abgeschlossen. JSON-Datei wurde hier gespeichert: '/workspaces/companyculturehub-generator-v2/content_template_nach_update_modules/content_template_20250902_150930.json'
